# JRE version: OpenJDK Runtime Environment (17.0.10) (build 17.0.10+0--11609105)
# Java VM: OpenJDK 64-Bit Server VM (17.0.10+0--11609105, mixed mode, tiered, compressed oops, compressed class ptrs, g1 gc, windows-amd64)
GC Precious Log:
 CPUs: 4 total, 4 available
 Memory: 3499M
 Large Page Support: Disabled
 NUMA Support: Disabled
 Compressed Oops: Enabled (32-bit)
 Heap Region Size: 1M
 Heap Min Capacity: 8M
 Heap Initial Capacity: 56M
 Heap Max Capacity: 876M
 Pre-touch: Disabled
 Parallel Workers: 4
 Concurrent Workers: 1
 Concurrent Refinement Workers: 4
 Periodic GC: Disabled
Heap:
 garbage-first heap   total 37888K, used 20451K [0x00000000c9400000, 0x0000000100000000)
  region size 1024K, 1 young (1024K), 1 survivors (1024K)
 Metaspace       used 38009K, committed 38208K, reserved 1114112K
  class space    used 4738K, committed 4864K, reserved 1048576K
GC Heap History (20 events):
Event: 3.216 GC heap after
{Heap after GC invocations=2 (full 0):
 garbage-first heap   total 57344K, used 7952K [0x00000000c9400000, 0x0000000100000000)
  region size 1024K, 2 young (2048K), 2 survivors (2048K)
 Metaspace       used 14725K, committed 14848K, reserved 1114112K
  class space    used 1463K, committed 1536K, reserved 1048576K
}
Event: 4.375 GC heap before
{Heap before GC invocations=2 (full 0):
 garbage-first heap   total 57344K, used 31504K [0x00000000c9400000, 0x0000000100000000)
  region size 1024K, 26 young (26624K), 2 survivors (2048K)
 Metaspace       used 21335K, committed 21504K, reserved 1114112K
  class space    used 2327K, committed 2432K, reserved 1048576K
}
Event: 4.388 GC heap after
{Heap after GC invocations=3 (full 0):
 garbage-first heap   total 57344K, used 10227K [0x00000000c9400000, 0x0000000100000000)
  region size 1024K, 4 young (4096K), 4 survivors (4096K)
 Metaspace       used 21335K, committed 21504K, reserved 1114112K
  class space    used 2327K, committed 2432K, reserved 1048576K
}
Event: 5.794 GC heap before
{Heap before GC invocations=4 (full 0):
 garbage-first heap   total 37888K, used 29683K [0x00000000c9400000, 0x0000000100000000)
  region size 1024K, 24 young (24576K), 4 survivors (4096K)
 Metaspace       used 28159K, committed 28352K, reserved 1114112K
  class space    used 3493K, committed 3584K, reserved 1048576K
}
Event: 5.807 GC heap after
{Heap after GC invocations=5 (full 0):
 garbage-first heap   total 37888K, used 11392K [0x00000000c9400000, 0x0000000100000000)
  region size 1024K, 2 young (2048K), 2 survivors (2048K)
 Metaspace       used 28159K, committed 28352K, reserved 1114112K
  class space    used 3493K, committed 3584K, reserved 1048576K
}
Event: 7.125 GC heap before
{Heap before GC invocations=5 (full 0):
 garbage-first heap   total 37888K, used 29824K [0x00000000c9400000, 0x0000000100000000)
  region size 1024K, 18 young (18432K), 2 survivors (2048K)
 Metaspace       used 28946K, committed 29184K, reserved 1114112K
  class space    used 3555K, committed 3648K, reserved 1048576K
}
Event: 7.137 GC heap after
{Heap after GC invocations=6 (full 0):
 garbage-first heap   total 37888K, used 17395K [0x00000000c9400000, 0x0000000100000000)
  region size 1024K, 3 young (3072K), 3 survivors (3072K)
 Metaspace       used 28946K, committed 29184K, reserved 1114112K
  class space    used 3555K, committed 3648K, reserved 1048576K
}
Event: 7.929 GC heap before
{Heap before GC invocations=6 (full 0):
 garbage-first heap   total 37888K, used 27635K [0x00000000c9400000, 0x0000000100000000)
  region size 1024K, 13 young (13312K), 3 survivors (3072K)
 Metaspace       used 30822K, committed 31040K, reserved 1114112K
  class space    used 3976K, committed 4032K, reserved 1048576K
}
Event: 7.944 GC heap after
{Heap after GC invocations=7 (full 0):
 garbage-first heap   total 37888K, used 19662K [0x00000000c9400000, 0x0000000100000000)
  region size 1024K, 2 young (2048K), 2 survivors (2048K)
 Metaspace       used 30822K, committed 31040K, reserved 1114112K
  class space    used 3976K, committed 4032K, reserved 1048576K
}
Event: 8.548 GC heap before
{Heap before GC invocations=7 (full 0):
 garbage-first heap   total 37888K, used 26830K [0x00000000c9400000, 0x0000000100000000)
  region size 1024K, 10 young (10240K), 2 survivors (2048K)
 Metaspace       used 33304K, committed 33536K, reserved 1114112K
  class space    used 4236K, committed 4352K, reserved 1048576K
}
Event: 8.557 GC heap after
{Heap after GC invocations=8 (full 0):
 garbage-first heap   total 37888K, used 20467K [0x00000000c9400000, 0x0000000100000000)
  region size 1024K, 1 young (1024K), 1 survivors (1024K)
 Metaspace       used 33304K, committed 33536K, reserved 1114112K
  class space    used 4236K, committed 4352K, reserved 1048576K
}
Event: 9.376 GC heap before
{Heap before GC invocations=9 (full 0):
 garbage-first heap   total 37888K, used 27635K [0x00000000c9400000, 0x0000000100000000)
  region size 1024K, 9 young (9216K), 1 survivors (1024K)
 Metaspace       used 34362K, committed 34624K, reserved 1114112K
  class space    used 4363K, committed 4480K, reserved 1048576K
}
Event: 9.382 GC heap after
{Heap after GC invocations=10 (full 0):
 garbage-first heap   total 37888K, used 19195K [0x00000000c9400000, 0x0000000100000000)
  region size 1024K, 2 young (2048K), 2 survivors (2048K)
 Metaspace       used 34362K, committed 34624K, reserved 1114112K
  class space    used 4363K, committed 4480K, reserved 1048576K
}
Event: 9.443 GC heap before
{Heap before GC invocations=10 (full 0):
 garbage-first heap   total 37888K, used 20219K [0x00000000c9400000, 0x0000000100000000)
  region size 1024K, 3 young (3072K), 2 survivors (2048K)
 Metaspace       used 34536K, committed 34752K, reserved 1114112K
  class space    used 4384K, committed 4480K, reserved 1048576K
}
Event: 9.448 GC heap after
{Heap after GC invocations=11 (full 0):
 garbage-first heap   total 37888K, used 19190K [0x00000000c9400000, 0x0000000100000000)
  region size 1024K, 1 young (1024K), 1 survivors (1024K)
 Metaspace       used 34536K, committed 34752K, reserved 1114112K
  class space    used 4384K, committed 4480K, reserved 1048576K
}
Event: 9.838 GC heap before
{Heap before GC invocations=11 (full 0):
 garbage-first heap   total 37888K, used 27382K [0x00000000c9400000, 0x0000000100000000)
  region size 1024K, 9 young (9216K), 1 survivors (1024K)
 Metaspace       used 36266K, committed 36416K, reserved 1114112K
  class space    used 4581K, committed 4672K, reserved 1048576K
}
Event: 9.842 GC heap after
{Heap after GC invocations=12 (full 0):
 garbage-first heap   total 37888K, used 19703K [0x00000000c9400000, 0x0000000100000000)
  region size 1024K, 2 young (2048K), 2 survivors (2048K)
 Metaspace       used 36266K, committed 36416K, reserved 1114112K
  class space    used 4581K, committed 4672K, reserved 1048576K
}
Event: 10.610 GC heap before
{Heap before GC invocations=13 (full 0):
 garbage-first heap   total 37888K, used 26871K [0x00000000c9400000, 0x0000000100000000)
  region size 1024K, 10 young (10240K), 2 survivors (2048K)
 Metaspace       used 37865K, committed 38080K, reserved 1114112K
  class space    used 4727K, committed 4864K, reserved 1048576K
}
Event: 10.615 GC heap after
{Heap after GC invocations=14 (full 0):
 garbage-first heap   total 37888K, used 20770K [0x00000000c9400000, 0x0000000100000000)
  region size 1024K, 2 young (2048K), 2 survivors (2048K)
 Metaspace       used 37865K, committed 38080K, reserved 1114112K
  class space    used 4727K, committed 4864K, reserved 1048576K
}
Event: 10.640 GC heap before
{Heap before GC invocations=14 (full 0):
 garbage-first heap   total 37888K, used 20770K [0x00000000c9400000, 0x0000000100000000)
  region size 1024K, 3 young (3072K), 2 survivors (2048K)
 Metaspace       used 38009K, committed 38208K, reserved 1114112K
  class space    used 4738K, committed 4864K, reserved 1048576K
}

